#
# A fatal error has been detected by the Java Runtime Environment:
#
#  EXCEPTION_ACCESS_VIOLATION (0xc0000005) at pc=0x000000006aad9cc0, pid=10536, tid=0x000000000000254c
#
# JRE version: OpenJDK Runtime Environment (8.0_76-b03) (build 1.8.0_76-release-b03)
# Java VM: OpenJDK 64-Bit Server VM (25.76-b03 mixed mode windows-amd64 compressed oops)
# Problematic frame:
# V  [jvm.dll+0x89cc0]
#
# Failed to write core dump. Minidumps are not enabled by default on client versions of Windows
#
# If you would like to submit a bug report, please visit:
#   http://bugreport.java.com/bugreport/crash.jsp
#

---------------  T H R E A D  ---------------

Current thread (0x0000000002e38000):  GCTaskThread [stack: 0x0000000012750000,0x0000000012850000] [id=9548]

siginfo: ExceptionCode=0xc0000005, reading address 0x000000076607d088

Registers:
RAX=0x0000000000000000, RBX=0x00000000ecc13380, RCX=0x00000000ecc13380, RDX=0x000000076607d080
RSP=0x000000001284f6d8, RBP=0x0000000000000000, RSI=0x00000000155b3140, RDI=0x0000002400000034
R8 =0x00000000155b3140, R9 =0x00000000ee056d60, R10=0x000000000000000c, R11=0x000000000000000c
R12=0x000000006b05d410, R13=0xecc0fa1000000000, R14=0x0000000000000000, R15=0x0000000002e389b0
RIP=0x000000006aad9cc0, EFLAGS=0x0000000000010202

Top of Stack: (sp=0x000000001284f6d8)
0x000000001284f6d8:   000000006ae17792 00000000ecc531b8
0x000000001284f6e8:   00000000155b3140 00000000155b3140
0x000000001284f6f8:   00000000155b3140 00000000ee056ac8
0x000000001284f708:   0000000000001000 00000000eab2e508
0x000000001284f718:   000000001284f840 0000000000000000
0x000000001284f728:   0000000002e2d201 000000006b05d410
0x000000001284f738:   000000006ae17b00 00000000ee05791c
0x000000001284f748:   0000000000000000 00000000155b3140
0x000000001284f758:   0000002400000034 00000000ee05791c
0x000000001284f768:   000000006ae184d5 00000000ecd11230
0x000000001284f778:   0000000000000000 00000000155b3140
0x000000001284f788:   000000006ae17a11 0000002400000034
0x000000001284f798:   0000000000000005 00000000155b3140
0x000000001284f7a8:   0000002400000034 0000000018c24f20
0x000000001284f7b8:   0000002300000034 0000008500000006
0x000000001284f7c8:   000000000000002e 0000000002e389a0 

Instructions: (pc=0x000000006aad9cc0)
0x000000006aad9ca0:   ac 3a 1d 00 48 8b 9c 24 c0 00 00 00 48 81 c4 b0
0x000000006aad9cb0:   00 00 00 5d c3 cc cc cc cc cc cc cc cc cc cc cc
0x000000006aad9cc0:   44 8b 42 08 4c 8b ca 45 85 c0 7e 0e 41 f6 c0 01
0x000000006aad9cd0:   75 57 41 c1 f8 03 41 8b c0 c3 79 4d 80 3d be 5f 


Register to memory mapping:

RAX=0x0000000000000000 is an unknown value
RBX=0x00000000ecc13380 is an oop

[error occurred during error reporting (printing register info), id 0xc0000005]

Stack: [0x0000000012750000,0x0000000012850000],  sp=0x000000001284f6d8,  free space=1021k
Native frames: (J=compiled Java code, j=interpreted, Vv=VM code, C=native code)


---------------  P R O C E S S  ---------------

Java Threads: ( => current thread )
  0x00000000172ac000 JavaThread "pool-2-thread-4" [_thread_blocked, id=4592, stack(0x0000000017950000,0x0000000017a50000)]
  0x00000000171a3000 JavaThread "pool-2-thread-3" [_thread_blocked, id=9320, stack(0x0000000017850000,0x0000000017950000)]
  0x000000001719e800 JavaThread "pool-2-thread-2" [_thread_blocked, id=9164, stack(0x0000000017750000,0x0000000017850000)]
  0x000000001719d800 JavaThread "pool-3-thread-1" [_thread_blocked, id=4656, stack(0x0000000017650000,0x0000000017750000)]
  0x0000000017198800 JavaThread "pool-2-thread-1" [_thread_blocked, id=4600, stack(0x0000000017550000,0x0000000017650000)]
  0x0000000016f55000 JavaThread "Service Thread" daemon [_thread_blocked, id=10084, stack(0x0000000017350000,0x0000000017450000)]
  0x0000000015648800 JavaThread "C1 CompilerThread2" daemon [_thread_blocked, id=10784, stack(0x0000000016e50000,0x0000000016f50000)]
  0x00000000155ef000 JavaThread "C2 CompilerThread1" daemon [_thread_blocked, id=2224, stack(0x0000000016d50000,0x0000000016e50000)]
  0x00000000155ec000 JavaThread "C2 CompilerThread0" daemon [_thread_blocked, id=11928, stack(0x0000000016c50000,0x0000000016d50000)]
  0x00000000155ea800 JavaThread "Attach Listener" daemon [_thread_blocked, id=6424, stack(0x0000000016b50000,0x0000000016c50000)]
  0x00000000155e9800 JavaThread "Signal Dispatcher" daemon [_thread_blocked, id=10800, stack(0x0000000016a50000,0x0000000016b50000)]
  0x0000000002f15000 JavaThread "Finalizer" daemon [_thread_blocked, id=4648, stack(0x0000000016840000,0x0000000016940000)]
  0x0000000002f10000 JavaThread "Reference Handler" daemon [_thread_blocked, id=6348, stack(0x0000000016740000,0x0000000016840000)]
  0x0000000002e20800 JavaThread "main" [_thread_blocked, id=8316, stack(0x0000000002a90000,0x0000000002b90000)]

Other Threads:
  0x00000000155b5800 VMThread [stack: 0x0000000016640000,0x0000000016740000] [id=11224]
  0x0000000016f56000 WatcherThread [stack: 0x0000000017450000,0x0000000017550000] [id=3676]

=>0x0000000002e38000 (exited) GCTaskThread [stack: 0x0000000012750000,0x0000000012850000] [id=9548]

VM state:at safepoint (normal execution)

VM Mutex/Monitor currently owned by a thread:  ([mutex/lock_event])
[0x0000000002e1c4a0] Threads_lock - owner thread: 0x00000000155b5800
[0x0000000002e1c2a0] Heap_lock - owner thread: 0x00000000172ac000

Heap:
 PSYoungGen      total 57344K, used 49152K [0x00000000eab00000, 0x00000000eeb00000, 0x0000000100000000)
  eden space 49152K, 100% used [0x00000000eab00000,0x00000000edb00000,0x00000000edb00000)
  from space 8192K, 0% used [0x00000000ee300000,0x00000000ee300000,0x00000000eeb00000)
  to   space 8192K, 83% used [0x00000000edb00000,0x00000000ee1b6ac8,0x00000000ee300000)
 ParOldGen       total 131072K, used 16K [0x00000000c0000000, 0x00000000c8000000, 0x00000000eab00000)
  object space 131072K, 0% used [0x00000000c0000000,0x00000000c0004000,0x00000000c8000000)
 Metaspace       used 6057K, capacity 7024K, committed 7296K, reserved 1056768K
  class space    used 575K, capacity 616K, committed 640K, reserved 1048576K

Card table byte_map: [0x00000000122e0000,0x00000000124f0000] byte_map_base: 0x0000000011ce0000

Marking Bits: (ParMarkBitMap*) 0x000000006b209d00
 Begin Bits: [0x0000000012a50000, 0x0000000013a50000)
 End Bits:   [0x0000000013a50000, 0x0000000014a50000)

Polling page: 0x00000000012d0000

CodeCache: size=245760Kb used=5654Kb max_used=5654Kb free=240105Kb
 bounds [0x0000000002f20000, 0x00000000034b0000, 0x0000000011f20000]
 total_blobs=1643 nmethods=1374 adapters=181
 compilation: enabled

Compilation events (10 events):
Event: 3.311 Thread 0x0000000015648800 nmethod 1377 0x000000000348c990 code [0x000000000348cb00, 0x000000000348cd68]
Event: 3.311 Thread 0x0000000015648800 1381       3       com.android.dx.rop.code.Rops::pickIf (154 bytes)
Event: 3.311 Thread 0x0000000015648800 nmethod 1381 0x000000000348ce50 code [0x000000000348d0e0, 0x000000000348e258]
Event: 3.312 Thread 0x0000000015648800 1382       3       com.android.dx.rop.code.Rops::opGetField (97 bytes)
Event: 3.312 Thread 0x0000000015648800 nmethod 1382 0x000000000348ea50 code [0x000000000348ec80, 0x000000000348f8f8]
Event: 3.314 Thread 0x0000000015648800 1383       3       com.android.dx.cf.code.Ropper::addSetupBlocks (535 bytes)
Event: 3.318 Thread 0x0000000015648800 nmethod 1383 0x0000000003498490 code [0x0000000003498f20, 0x00000000034a11b8]
Event: 3.318 Thread 0x0000000015648800 1384       3       com.android.dx.cf.code.Frame::initializeWithParameters (49 bytes)
Event: 3.319 Thread 0x0000000015648800 nmethod 1384 0x00000000034a8a50 code [0x00000000034a8c00, 0x00000000034a9328]
Event: 3.319 Thread 0x0000000015648800 1385       3       com.android.dx.cf.code.Ropper::addReturnBlock (228 bytes)

GC Heap History (1 events):
Event: 3.514 GC heap before
{Heap before GC invocations=1 (full 0):
 PSYoungGen      total 57344K, used 49152K [0x00000000eab00000, 0x00000000eeb00000, 0x0000000100000000)
  eden space 49152K, 100% used [0x00000000eab00000,0x00000000edb00000,0x00000000edb00000)
  from space 8192K, 0% used [0x00000000ee300000,0x00000000ee300000,0x00000000eeb00000)
  to   space 8192K, 0% used [0x00000000edb00000,0x00000000edb00000,0x00000000ee300000)
 ParOldGen       total 131072K, used 0K [0x00000000c0000000, 0x00000000c8000000, 0x00000000eab00000)
  object space 131072K, 0% used [0x00000000c0000000,0x00000000c0000000,0x00000000c8000000)
 Metaspace       used 6057K, capacity 7024K, committed 7296K, reserved 1056768K
  class space    used 575K, capacity 616K, committed 640K, reserved 1048576K

Deoptimization events (7 events):
Event: 2.624 Thread 0x0000000017198800 Uncommon trap: reason=unstable_if action=reinterpret pc=0x0000000003138a50 method=java.util.HashMap.getNode(ILjava/lang/Object;)Ljava/util/HashMap$Node; @ 129
Event: 2.637 Thread 0x0000000002e20800 Uncommon trap: reason=unstable_if action=reinterpret pc=0x0000000003142d30 method=java.util.BitSet.nextSetBit(I)I @ 87
Event: 2.884 Thread 0x0000000002e20800 Uncommon trap: reason=bimorphic action=maybe_recompile pc=0x00000000031438d8 method=java.util.HashMap.getNode(ILjava/lang/Object;)Ljava/util/HashMap$Node; @ 126
Event: 3.060 Thread 0x0000000017198800 Uncommon trap: reason=unstable_if action=reinterpret pc=0x000000000328131c method=com.android.dx.ssa.SsaMethod.updateOneDefinition(Lcom/android/dx/ssa/SsaInsn;Lcom/android/dx/rop/code/RegisterSpec;)V @ 4
Event: 3.233 Thread 0x00000000171a3000 Uncommon trap: reason=unstable_if action=reinterpret pc=0x00000000033d6398 method=com.android.dx.ssa.SCCP.simulateStmt(Lcom/android/dx/ssa/SsaInsn;)V @ 53
Event: 3.241 Thread 0x00000000172ac000 Uncommon trap: reason=unstable_if action=reinterpret pc=0x00000000032f4cf8 method=com.android.dx.cf.code.Ropper.labelToResultIndex(I)I @ 34
Event: 3.272 Thread 0x000000001719e800 Uncommon trap: reason=unstable_if action=reinterpret pc=0x0000000003372d8c method=com.android.dx.util.LabeledList.set(ILcom/android/dx/util/LabeledItem;)V @ 16

Internal exceptions (2 events):
Event: 0.136 Thread 0x0000000002e20800 Exception <a 'java/lang/NoSuchMethodError': Method sun.misc.Unsafe.defineClass(Ljava/lang/String;[BII)Ljava/lang/Class; name or signature does not match> (0x00000000eab07cc0) thrown at [C:\src\android\AOSP-openjdk\external\jetbrains\jdk\hotspot\src\share\v‹∏≠Ÿgr¡?
Event: 0.136 Thread 0x0000000002e20800 Exception <a 'java/lang/NoSuchMethodError': Method sun.misc.Unsafe.prefetchRead(Ljava/lang/Object;J)V name or signature does not match> (0x00000000eab07fa8) thrown at [C:\src\android\AOSP-openjdk\external\jetbrains\jdk\hotspot\src\share\vm\prims\jni.cpp, l

Events (10 events):
Event: 3.247 loading class com/android/dx/cf/code/Ropper$ExceptionHandlerSetup
Event: 3.247 loading class com/android/dx/cf/code/Ropper$ExceptionHandlerSetup done
Event: 3.247 loading class java/util/HashMap$Values
Event: 3.247 loading class java/util/HashMap$Values done
Event: 3.247 loading class java/util/HashMap$ValueIterator
Event: 3.247 loading class java/util/HashMap$ValueIterator done
Event: 3.272 Thread 0x000000001719e800 Uncommon trap: trap_request=0xffffff65 fr.pc=0x0000000003372d8c
Event: 3.272 Thread 0x000000001719e800 DEOPT PACKING pc=0x0000000003372d8c sp=0x000000001784e970
Event: 3.272 Thread 0x000000001719e800 DEOPT UNPACKING pc=0x0000000002f6556a sp=0x000000001784e958 mode 2
Event: 3.320 Executing VM operation: ParallelGCFailedAllocation


Dynamic libraries:
0x00007ff77f380000 - 0x00007ff77f3b1000 	C:\Program Files\Android\Android Studio\jre\bin\java.exe
0x00007ffd9b410000 - 0x00007ffd9b5e1000 	C:\WINDOWS\SYSTEM32\ntdll.dll
0x00007ffd9a630000 - 0x00007ffd9a6db000 	C:\WINDOWS\System32\KERNEL32.DLL
0x00007ffd979b0000 - 0x00007ffd97bcd000 	C:\WINDOWS\System32\KERNELBASE.dll
0x00007ffd9a2f0000 - 0x00007ffd9a392000 	C:\WINDOWS\System32\ADVAPI32.dll
0x00007ffd989b0000 - 0x00007ffd98a4e000 	C:\WINDOWS\System32\msvcrt.dll
0x00007ffd9a3a0000 - 0x00007ffd9a3f9000 	C:\WINDOWS\System32\sechost.dll
0x00007ffd9acd0000 - 0x00007ffd9adf1000 	C:\WINDOWS\System32\RPCRT4.dll
0x00007ffd99fc0000 - 0x00007ffd9a125000 	C:\WINDOWS\System32\USER32.dll
0x00007ffd98140000 - 0x00007ffd9815e000 	C:\WINDOWS\System32\win32u.dll
0x00007ffd9a7f0000 - 0x00007ffd9a824000 	C:\WINDOWS\System32\GDI32.dll
0x00007ffd97bd0000 - 0x00007ffd97d52000 	C:\WINDOWS\System32\gdi32full.dll
0x00007ffd90300000 - 0x00007ffd90579000 	C:\WINDOWS\WinSxS\amd64_microsoft.windows.common-controls_6595b64144ccf1df_6.0.14393.447_none_42191651c6827bb3\COMCTL32.dll
0x00007ffd9af90000 - 0x00007ffd9b258000 	C:\WINDOWS\System32\combase.dll
0x00007ffd97f30000 - 0x00007ffd98025000 	C:\WINDOWS\System32\ucrtbase.dll
0x00007ffd98890000 - 0x00007ffd988fa000 	C:\WINDOWS\System32\bcryptPrimitives.dll
0x00007ffd9af60000 - 0x00007ffd9af8e000 	C:\WINDOWS\System32\IMM32.DLL
0x000000006a970000 - 0x000000006aa42000 	C:\Program Files\Android\Android Studio\jre\jre\bin\msvcr100.dll
0x000000006aa50000 - 0x000000006b284000 	C:\Program Files\Android\Android Studio\jre\jre\bin\server\jvm.dll
0x00007ffd9a6e0000 - 0x00007ffd9a6e8000 	C:\WINDOWS\System32\PSAPI.DLL
0x00007ffd94e90000 - 0x00007ffd94e99000 	C:\WINDOWS\SYSTEM32\WSOCK32.dll
0x00007ffd9a5c0000 - 0x00007ffd9a62a000 	C:\WINDOWS\System32\WS2_32.dll
0x00007ffd958e0000 - 0x00007ffd95903000 	C:\WINDOWS\SYSTEM32\WINMM.dll
0x00007ffd92310000 - 0x00007ffd9231a000 	C:\WINDOWS\SYSTEM32\VERSION.dll
0x00007ffd956e0000 - 0x00007ffd9570b000 	C:\WINDOWS\SYSTEM32\WINMMBASE.dll
0x00007ffd98160000 - 0x00007ffd981a2000 	C:\WINDOWS\System32\cfgmgr32.dll
0x00007ffd933a0000 - 0x00007ffd933af000 	C:\Program Files\Android\Android Studio\jre\jre\bin\verify.dll
0x00007ffd8f8c0000 - 0x00007ffd8f8e9000 	C:\Program Files\Android\Android Studio\jre\jre\bin\java.dll
0x00007ffd931e0000 - 0x00007ffd931f6000 	C:\Program Files\Android\Android Studio\jre\jre\bin\zip.dll
0x00007ffd98ab0000 - 0x00007ffd99fb9000 	C:\WINDOWS\System32\SHELL32.dll
0x00007ffd981b0000 - 0x00007ffd9888a000 	C:\WINDOWS\System32\windows.storage.dll
0x00007ffd97890000 - 0x00007ffd978dc000 	C:\WINDOWS\System32\powrprof.dll
0x00007ffd9a790000 - 0x00007ffd9a7e2000 	C:\WINDOWS\System32\shlwapi.dll
0x00007ffd97880000 - 0x00007ffd9788f000 	C:\WINDOWS\System32\kernel.appcore.dll
0x00007ffd98090000 - 0x00007ffd98139000 	C:\WINDOWS\System32\shcore.dll
0x00007ffd978e0000 - 0x00007ffd978f4000 	C:\WINDOWS\System32\profapi.dll
0x00007ffd97350000 - 0x00007ffd974e2000 	C:\WINDOWS\SYSTEM32\dbghelp.dll

VM Arguments:
jvm_args: -Djava.awt.headless=true -Xmx1024M -Dfile.encoding=windows-1252 -Duser.country=CO -Duser.language=es -Duser.variant 
java_command: com.android.dx.command.Main --dex --force-jumbo --num-threads=4 --multi-dex --output C:\Android\BoxOpen\app\build\intermediates\transforms\dex\debug\folders\1000\10\com.google.android.gms-play-services-location-9.8.0_9ff81744ddcf0e0549cc7dafe1c54194ff00594e C:\Android\BoxOpen\app\build\intermediates\exploded-aar\com.google.android.gms\play-services-location\9.8.0\jars\classes.jar
java_class_path (initial): C:\Users\Shaitan\AppData\Local\Android\sdk\build-tools\23.0.3\lib\dx.jar
Launcher Type: SUN_STANDARD

Environment Variables:
JAVA_HOME=C:\Program Files\Java\jdk1.7.0_79
PATH=C:\Program Files (x86)\NVIDIA Corporation\PhysX\Common;C:\Program Files (x86)\Intel\iCLS Client\;C:\Program Files\Intel\iCLS Client\;C:\WINDOWS\system32;C:\WINDOWS;C:\WINDOWS\System32\Wbem;C:\WINDOWS\System32\WindowsPowerShell\v1.0\;C:\Program Files (x86)\AMD\ATI.ACE\Core-Static;C:\Program Files (x86)\Intel\Intel(R) Management Engine Components\DAL;C:\Program Files\Intel\Intel(R) Management Engine Components\DAL;C:\Program Files (x86)\Intel\Intel(R) Management Engine Components\IPT;C:\Program Files\Intel\Intel(R) Management Engine Components\IPT;C:\Program Files (x86)\Skype\Phone\;C:\Program Files (x86)\Windows Live\Shared;C:\Users\Shaitan\AppData\Local\Microsoft\WindowsApps;
USERNAME=Shaitan
OS=Windows_NT
PROCESSOR_IDENTIFIER=Intel64 Family 6 Model 60 Stepping 3, GenuineIntel



---------------  S Y S T E M  ---------------

OS: Windows 10.0 , 64 bit Build 14393 (10.0.14393.0)

CPU:total 4 (4 cores per cpu, 1 threads per core) family 6 model 60 stepping 3, cmov, cx8, fxsr, mmx, sse, sse2, sse3, ssse3, sse4.1, sse4.2, popcnt, avx, avx2, aes, clmul, erms, lzcnt, tsc, tscinvbit, bmi1, bmi2

Memory: 4k page, physical 12533520k(2793648k free), swap 25116432k(10179160k free)

vm_info: OpenJDK 64-Bit Server VM (25.76-b03) for windows-amd64 JRE (1.8.0_76-release-b03), built on Jun 29 2016 19:09:20 by "ralucas" with MS VC++ 10.0 (VS2010)

time: Tue Dec 13 19:38:29 2016
elapsed time: 3 seconds (0d 0h 0m 3s)

